Build started 3/2/2017 1:11:58 PM.
     1>Project "E:\DIRECTX\FINAL_Mario\[DX]_GAMEMARIO2D\[DX]_GAMEMARIO2D\[DX]_GAMEMARIO2D.vcxproj" on node 2 (build target(s)).
     1>InitializeBuildStatus:
         Creating "Debug\[DX]_GAMEMARIO2D.unsuccessfulbuild" because "AlwaysCreate" was specified.
       ClCompile:
         C:\Program Files (x86)\Microsoft Visual Studio 10.0\VC\bin\CL.exe /c /ZI /nologo /W3 /WX- /Od /Oy- /D _MBCS /Gm /EHsc /RTC1 /MDd /GS /fp:precise /Zc:wchar_t /Zc:forScope /Fo"Debug\\" /Fd"Debug\vc100.pdb" /Gd /TP /analyze- /errorReport:prompt GameMain.cpp
         GameMain.cpp
         c:\program files (x86)\microsoft directx sdk (june 2010)\include\dinput.h: DIRECTINPUT_VERSION undefined. Defaulting to version 0x0800
     1>e:\directx\final_mario\[dx]_gamemario2d\[dx]_gamemario2d\inputmanager.h(6): warning C4005: 'DIRECTINPUT_VERSION' : macro redefinition
                 c:\program files (x86)\microsoft directx sdk (june 2010)\include\dinput.h(42) : see previous definition of 'DIRECTINPUT_VERSION'
     1>e:\directx\final_mario\[dx]_gamemario2d\[dx]_gamemario2d\clog.h(26): warning C4996: 'vsnprintf': This function or variable may be unsafe. Consider using vsnprintf_s instead. To disable deprecation, use _CRT_SECURE_NO_WARNINGS. See online help for details.
                 c:\program files (x86)\microsoft visual studio 10.0\vc\include\stdio.h(354) : see declaration of 'vsnprintf'
     1>e:\directx\final_mario\[dx]_gamemario2d\[dx]_gamemario2d\gamemain.cpp(54): warning C4244: 'initializing' : conversion from 'DWORD' to 'float', possible loss of data
     1>e:\directx\final_mario\[dx]_gamemario2d\[dx]_gamemario2d\gamemain.cpp(62): warning C4244: 'initializing' : conversion from 'DWORD' to 'float', possible loss of data
     1>e:\directx\final_mario\[dx]_gamemario2d\[dx]_gamemario2d\gamemain.cpp(114): warning C4244: 'initializing' : conversion from 'float' to 'int', possible loss of data
     1>e:\directx\final_mario\[dx]_gamemario2d\[dx]_gamemario2d\gamemain.cpp(115): warning C4244: '=' : conversion from 'DWORD' to 'float', possible loss of data
     1>e:\directx\final_mario\[dx]_gamemario2d\[dx]_gamemario2d\gamemain.cpp(131): warning C4244: 'argument' : conversion from 'float' to 'DWORD', possible loss of data
     1>e:\directx\final_mario\[dx]_gamemario2d\[dx]_gamemario2d\gamemain.cpp(137): warning C4996: 'sprintf': This function or variable may be unsafe. Consider using sprintf_s instead. To disable deprecation, use _CRT_SECURE_NO_WARNINGS. See online help for details.
                 c:\program files (x86)\microsoft visual studio 10.0\vc\include\stdio.h(371) : see declaration of 'sprintf'
     1>e:\directx\final_mario\[dx]_gamemario2d\[dx]_gamemario2d\gamemain.cpp(64): warning C4101: 'interpolation' : unreferenced local variable
       Link:
         C:\Program Files (x86)\Microsoft Visual Studio 10.0\VC\bin\link.exe /ERRORREPORT:PROMPT /OUT:"E:\DIRECTX\FINAL_Mario\[DX]_GAMEMARIO2D\Debug\[DX]_GAMEMARIO2D.exe" /NOLOGO d3d9.lib d3dx9.lib winmm.lib dinput8.lib dxguid.lib dsound.lib dxerr.lib kernel32.lib user32.lib gdi32.lib winspool.lib comdlg32.lib advapi32.lib shell32.lib ole32.lib oleaut32.lib uuid.lib odbc32.lib odbccp32.lib /MANIFEST /ManifestFile:"Debug\[DX]_GAMEMARIO2D.exe.intermediate.manifest" /MANIFESTUAC:"level='asInvoker' uiAccess='false'" /DEBUG /PDB:"E:\DIRECTX\FINAL_Mario\[DX]_GAMEMARIO2D\Debug\[DX]_GAMEMARIO2D.pdb" /TLBID:1 /DYNAMICBASE /NXCOMPAT /IMPLIB:"E:\DIRECTX\FINAL_Mario\[DX]_GAMEMARIO2D\Debug\[DX]_GAMEMARIO2D.lib" /MACHINE:X86 Debug\AboutScreen.obj
         Debug\AudioManager.obj
         Debug\BaseLand.obj
         Debug\Boss.obj
         Debug\BossBreak.obj
         Debug\Break.obj
         Debug\BrickBreak.obj
         Debug\BrickHard.obj
         Debug\Building.obj
         Debug\BulletBoss.obj
         Debug\BulletMario.obj
         Debug\Camera.obj
         Debug\ChooseLevelScreen.obj
         Debug\Clog.obj
         Debug\Cloud.obj
         Debug\Coin.obj
         Debug\CollisionDetect.obj
         Debug\CRECT.obj
         Debug\dsutil.obj
         Debug\DXCreater.obj
         Debug\DXDeviceManager.obj
         Debug\DXFont.obj
         Debug\EffectBossExplode.obj
         Debug\EffectBrickExplode.obj
         Debug\Effect.obj
         Debug\EffectRenderScore.obj
         Debug\Fence.obj
         Debug\Flower.obj
         Debug\GameMain.obj
         Debug\GamePlay.obj
         Debug\Grass.obj
         Debug\InGameController.obj
         Debug\InputManager.obj
         Debug\IPlay.obj
         Debug\ISprite.obj
         Debug\IState.obj
         Debug\LevelController.obj
         Debug\LoadingScreen.obj
         Debug\LoseScreen.obj
         Debug\MainMenuScreen.obj
         Debug\ManagerObject.obj
         Debug\Mario.obj
         Debug\DynamicObject.obj
         Debug\MushroomBad.obj
         Debug\Mushroom.obj
         Debug\MyObject.obj
         Debug\OptionScreen.obj
         Debug\PauseScreen.obj
         Debug\Pipe.obj
         Debug\Pole.obj
         Debug\Post.obj
         Debug\QuadTree.obj
         Debug\QuadTreeNode.obj
         Debug\QuestionBrick.obj
         Debug\ReadMap.obj
         Debug\RSMainGame.obj
         Debug\RSMainMenu.obj
         Debug\SaveGame.obj
         Debug\Skill.obj
         Debug\SoundDev.obj
         Debug\Sprite.obj
         Debug\StateTestGame.obj
         Debug\StaticObject.obj
         Debug\Turtle.obj
         Debug\WinForm.obj
         Debug\WinMain.obj
         Debug\Winpole.obj
         Debug\WinScreen.obj
         LINK : E:\DIRECTX\FINAL_Mario\[DX]_GAMEMARIO2D\Debug\[DX]_GAMEMARIO2D.exe not found or not built by the last incremental link; performing full link
         [DX]_GAMEMARIO2D.vcxproj -> E:\DIRECTX\FINAL_Mario\[DX]_GAMEMARIO2D\Debug\[DX]_GAMEMARIO2D.exe
       Manifest:
         C:\Program Files (x86)\Microsoft SDKs\Windows\v7.0A\bin\mt.exe /nologo /verbose /outputresource:"E:\DIRECTX\FINAL_Mario\[DX]_GAMEMARIO2D\Debug\[DX]_GAMEMARIO2D.exe;#1" /manifest "Debug\[DX]_GAMEMARIO2D.exe.intermediate.manifest"
       FinalizeBuildStatus:
         Deleting file "Debug\[DX]_GAMEMARIO2D.unsuccessfulbuild".
         Touching "Debug\[DX]_GAMEMARIO2D.lastbuildstate".
     1>Done Building Project "E:\DIRECTX\FINAL_Mario\[DX]_GAMEMARIO2D\[DX]_GAMEMARIO2D\[DX]_GAMEMARIO2D.vcxproj" (build target(s)).

Build succeeded.

Time Elapsed 00:00:01.29
