C:\USERS\BOM\DESKTOP\[DX]_GAMEMARIO2D\[DX]_GAMEMARIO2D\DEBUG\ABOUTSCREEN.OBJ
C:\USERS\BOM\DESKTOP\[DX]_GAMEMARIO2D\[DX]_GAMEMARIO2D\DEBUG\AUDIOMANAGER.OBJ
C:\USERS\BOM\DESKTOP\[DX]_GAMEMARIO2D\[DX]_GAMEMARIO2D\DEBUG\BASELAND.OBJ
C:\USERS\BOM\DESKTOP\[DX]_GAMEMARIO2D\[DX]_GAMEMARIO2D\DEBUG\BOSS.OBJ
C:\USERS\BOM\DESKTOP\[DX]_GAMEMARIO2D\[DX]_GAMEMARIO2D\DEBUG\BOSSBREAK.OBJ
C:\USERS\BOM\DESKTOP\[DX]_GAMEMARIO2D\[DX]_GAMEMARIO2D\DEBUG\BREAK.OBJ
C:\USERS\BOM\DESKTOP\[DX]_GAMEMARIO2D\[DX]_GAMEMARIO2D\DEBUG\BRICKBREAK.OBJ
C:\USERS\BOM\DESKTOP\[DX]_GAMEMARIO2D\[DX]_GAMEMARIO2D\DEBUG\BRICKHARD.OBJ
C:\USERS\BOM\DESKTOP\[DX]_GAMEMARIO2D\[DX]_GAMEMARIO2D\DEBUG\BUILDING.OBJ
C:\USERS\BOM\DESKTOP\[DX]_GAMEMARIO2D\[DX]_GAMEMARIO2D\DEBUG\BULLETBOSS.OBJ
C:\USERS\BOM\DESKTOP\[DX]_GAMEMARIO2D\[DX]_GAMEMARIO2D\DEBUG\BULLETMARIO.OBJ
C:\USERS\BOM\DESKTOP\[DX]_GAMEMARIO2D\[DX]_GAMEMARIO2D\DEBUG\CAMERA.OBJ
C:\USERS\BOM\DESKTOP\[DX]_GAMEMARIO2D\[DX]_GAMEMARIO2D\DEBUG\CHOOSELEVELSCREEN.OBJ
C:\Users\BOM\Desktop\[DX]_GAMEMARIO2D\[DX]_GAMEMARIO2D\Debug\cl.command.1.tlog
C:\Users\BOM\Desktop\[DX]_GAMEMARIO2D\[DX]_GAMEMARIO2D\Debug\CL.read.1.tlog
C:\Users\BOM\Desktop\[DX]_GAMEMARIO2D\[DX]_GAMEMARIO2D\Debug\CL.write.1.tlog
C:\USERS\BOM\DESKTOP\[DX]_GAMEMARIO2D\[DX]_GAMEMARIO2D\DEBUG\CLOG.OBJ
C:\USERS\BOM\DESKTOP\[DX]_GAMEMARIO2D\[DX]_GAMEMARIO2D\DEBUG\CLOUD.OBJ
C:\USERS\BOM\DESKTOP\[DX]_GAMEMARIO2D\[DX]_GAMEMARIO2D\DEBUG\COIN.OBJ
C:\USERS\BOM\DESKTOP\[DX]_GAMEMARIO2D\[DX]_GAMEMARIO2D\DEBUG\COLLISIONDETECT.OBJ
C:\USERS\BOM\DESKTOP\[DX]_GAMEMARIO2D\[DX]_GAMEMARIO2D\DEBUG\CRECT.OBJ
C:\USERS\BOM\DESKTOP\[DX]_GAMEMARIO2D\[DX]_GAMEMARIO2D\DEBUG\DSUTIL.OBJ
C:\USERS\BOM\DESKTOP\[DX]_GAMEMARIO2D\[DX]_GAMEMARIO2D\DEBUG\DXCREATER.OBJ
C:\USERS\BOM\DESKTOP\[DX]_GAMEMARIO2D\[DX]_GAMEMARIO2D\DEBUG\DXDEVICEMANAGER.OBJ
C:\USERS\BOM\DESKTOP\[DX]_GAMEMARIO2D\[DX]_GAMEMARIO2D\DEBUG\DXFONT.OBJ
C:\USERS\BOM\DESKTOP\[DX]_GAMEMARIO2D\[DX]_GAMEMARIO2D\DEBUG\DYNAMICOBJECT.OBJ
C:\USERS\BOM\DESKTOP\[DX]_GAMEMARIO2D\[DX]_GAMEMARIO2D\DEBUG\EFFECT.OBJ
C:\USERS\BOM\DESKTOP\[DX]_GAMEMARIO2D\[DX]_GAMEMARIO2D\DEBUG\EFFECTBOSSEXPLODE.OBJ
C:\USERS\BOM\DESKTOP\[DX]_GAMEMARIO2D\[DX]_GAMEMARIO2D\DEBUG\EFFECTBRICKEXPLODE.OBJ
C:\USERS\BOM\DESKTOP\[DX]_GAMEMARIO2D\[DX]_GAMEMARIO2D\DEBUG\EFFECTRENDERSCORE.OBJ
C:\USERS\BOM\DESKTOP\[DX]_GAMEMARIO2D\[DX]_GAMEMARIO2D\DEBUG\FENCE.OBJ
C:\USERS\BOM\DESKTOP\[DX]_GAMEMARIO2D\[DX]_GAMEMARIO2D\DEBUG\FLOWER.OBJ
C:\USERS\BOM\DESKTOP\[DX]_GAMEMARIO2D\[DX]_GAMEMARIO2D\DEBUG\GAMEMAIN.OBJ
C:\USERS\BOM\DESKTOP\[DX]_GAMEMARIO2D\[DX]_GAMEMARIO2D\DEBUG\GAMEPLAY.OBJ
C:\USERS\BOM\DESKTOP\[DX]_GAMEMARIO2D\[DX]_GAMEMARIO2D\DEBUG\GRASS.OBJ
C:\USERS\BOM\DESKTOP\[DX]_GAMEMARIO2D\[DX]_GAMEMARIO2D\DEBUG\INGAMECONTROLLER.OBJ
C:\USERS\BOM\DESKTOP\[DX]_GAMEMARIO2D\[DX]_GAMEMARIO2D\DEBUG\INPUTMANAGER.OBJ
C:\USERS\BOM\DESKTOP\[DX]_GAMEMARIO2D\[DX]_GAMEMARIO2D\DEBUG\IPLAY.OBJ
C:\USERS\BOM\DESKTOP\[DX]_GAMEMARIO2D\[DX]_GAMEMARIO2D\DEBUG\ISPRITE.OBJ
C:\USERS\BOM\DESKTOP\[DX]_GAMEMARIO2D\[DX]_GAMEMARIO2D\DEBUG\ISTATE.OBJ
C:\USERS\BOM\DESKTOP\[DX]_GAMEMARIO2D\[DX]_GAMEMARIO2D\DEBUG\LEVELCONTROLLER.OBJ
C:\Users\BOM\Desktop\[DX]_GAMEMARIO2D\[DX]_GAMEMARIO2D\Debug\link.command.1.tlog
C:\Users\BOM\Desktop\[DX]_GAMEMARIO2D\[DX]_GAMEMARIO2D\Debug\link.read.1.tlog
C:\Users\BOM\Desktop\[DX]_GAMEMARIO2D\[DX]_GAMEMARIO2D\Debug\link.write.1.tlog
C:\USERS\BOM\DESKTOP\[DX]_GAMEMARIO2D\[DX]_GAMEMARIO2D\DEBUG\LOADINGSCREEN.OBJ
C:\USERS\BOM\DESKTOP\[DX]_GAMEMARIO2D\[DX]_GAMEMARIO2D\DEBUG\LOSESCREEN.OBJ
C:\USERS\BOM\DESKTOP\[DX]_GAMEMARIO2D\[DX]_GAMEMARIO2D\DEBUG\MAINMENUSCREEN.OBJ
C:\USERS\BOM\DESKTOP\[DX]_GAMEMARIO2D\[DX]_GAMEMARIO2D\DEBUG\MANAGEROBJECT.OBJ
C:\USERS\BOM\DESKTOP\[DX]_GAMEMARIO2D\[DX]_GAMEMARIO2D\DEBUG\MARIO.OBJ
C:\USERS\BOM\DESKTOP\[DX]_GAMEMARIO2D\[DX]_GAMEMARIO2D\DEBUG\MUSHROOM.OBJ
C:\USERS\BOM\DESKTOP\[DX]_GAMEMARIO2D\[DX]_GAMEMARIO2D\DEBUG\MUSHROOMBAD.OBJ
C:\USERS\BOM\DESKTOP\[DX]_GAMEMARIO2D\[DX]_GAMEMARIO2D\DEBUG\MYOBJECT.OBJ
C:\USERS\BOM\DESKTOP\[DX]_GAMEMARIO2D\[DX]_GAMEMARIO2D\DEBUG\OPTIONSCREEN.OBJ
C:\USERS\BOM\DESKTOP\[DX]_GAMEMARIO2D\[DX]_GAMEMARIO2D\DEBUG\PAUSESCREEN.OBJ
C:\USERS\BOM\DESKTOP\[DX]_GAMEMARIO2D\[DX]_GAMEMARIO2D\DEBUG\PIPE.OBJ
C:\USERS\BOM\DESKTOP\[DX]_GAMEMARIO2D\[DX]_GAMEMARIO2D\DEBUG\POLE.OBJ
C:\USERS\BOM\DESKTOP\[DX]_GAMEMARIO2D\[DX]_GAMEMARIO2D\DEBUG\POST.OBJ
C:\USERS\BOM\DESKTOP\[DX]_GAMEMARIO2D\[DX]_GAMEMARIO2D\DEBUG\QUADTREE.OBJ
C:\USERS\BOM\DESKTOP\[DX]_GAMEMARIO2D\[DX]_GAMEMARIO2D\DEBUG\QUADTREENODE.OBJ
C:\USERS\BOM\DESKTOP\[DX]_GAMEMARIO2D\[DX]_GAMEMARIO2D\DEBUG\QUESTIONBRICK.OBJ
C:\USERS\BOM\DESKTOP\[DX]_GAMEMARIO2D\[DX]_GAMEMARIO2D\DEBUG\READMAP.OBJ
C:\USERS\BOM\DESKTOP\[DX]_GAMEMARIO2D\[DX]_GAMEMARIO2D\DEBUG\RSMAINGAME.OBJ
C:\USERS\BOM\DESKTOP\[DX]_GAMEMARIO2D\[DX]_GAMEMARIO2D\DEBUG\RSMAINMENU.OBJ
C:\USERS\BOM\DESKTOP\[DX]_GAMEMARIO2D\[DX]_GAMEMARIO2D\DEBUG\SAVEGAME.OBJ
C:\USERS\BOM\DESKTOP\[DX]_GAMEMARIO2D\[DX]_GAMEMARIO2D\DEBUG\SKILL.OBJ
C:\USERS\BOM\DESKTOP\[DX]_GAMEMARIO2D\[DX]_GAMEMARIO2D\DEBUG\SOUNDDEV.OBJ
C:\USERS\BOM\DESKTOP\[DX]_GAMEMARIO2D\[DX]_GAMEMARIO2D\DEBUG\SPRITE.OBJ
C:\USERS\BOM\DESKTOP\[DX]_GAMEMARIO2D\[DX]_GAMEMARIO2D\DEBUG\STATETESTGAME.OBJ
C:\USERS\BOM\DESKTOP\[DX]_GAMEMARIO2D\[DX]_GAMEMARIO2D\DEBUG\STATICOBJECT.OBJ
C:\USERS\BOM\DESKTOP\[DX]_GAMEMARIO2D\[DX]_GAMEMARIO2D\DEBUG\TURTLE.OBJ
C:\Users\BOM\Desktop\[DX]_GAMEMARIO2D\[DX]_GAMEMARIO2D\Debug\vc100.idb
C:\USERS\BOM\DESKTOP\[DX]_GAMEMARIO2D\[DX]_GAMEMARIO2D\DEBUG\VC100.PDB
C:\USERS\BOM\DESKTOP\[DX]_GAMEMARIO2D\[DX]_GAMEMARIO2D\DEBUG\WINFORM.OBJ
C:\USERS\BOM\DESKTOP\[DX]_GAMEMARIO2D\[DX]_GAMEMARIO2D\DEBUG\WINMAIN.OBJ
C:\USERS\BOM\DESKTOP\[DX]_GAMEMARIO2D\[DX]_GAMEMARIO2D\DEBUG\WINPOLE.OBJ
C:\USERS\BOM\DESKTOP\[DX]_GAMEMARIO2D\[DX]_GAMEMARIO2D\DEBUG\WINSCREEN.OBJ
